{"C:\\Users\\Dana\\Desktop\\brandt\\developer\\task-manager\\source\\delete-task.js": {"path":"C:\\Users\\Dana\\Desktop\\brandt\\developer\\task-manager\\source\\delete-task.js","statementMap":{"0":{"start":{"line":3,"column":16},"end":{"line":18,"column":1}},"1":{"start":{"line":5,"column":19},"end":{"line":14,"column":3}},"2":{"start":{"line":17,"column":2},"end":{"line":17,"column":18}},"3":{"start":{"line":20,"column":0},"end":{"line":22,"column":2}}},"fnMap":{"0":{"name":"(anonymous_0)","decl":{"start":{"line":3,"column":16},"end":{"line":3,"column":17}},"loc":{"start":{"line":3,"column":33},"end":{"line":18,"column":1}},"line":3}},"branchMap":{},"s":{"0":1,"1":1,"2":1,"3":1},"f":{"0":1},"b":{},"_coverageSchema":"1a1c01bbd47fc00a2c39e90264f33305004495a9","hash":"d5b5da8dd5388d37c482e0720279a10763b4f488"}
,"C:\\Users\\Dana\\Desktop\\brandt\\developer\\task-manager\\source\\get-task.js": {"path":"C:\\Users\\Dana\\Desktop\\brandt\\developer\\task-manager\\source\\get-task.js","statementMap":{"0":{"start":{"line":3,"column":16},"end":{"line":22,"column":1}},"1":{"start":{"line":9,"column":19},"end":{"line":18,"column":3}},"2":{"start":{"line":21,"column":2},"end":{"line":21,"column":18}},"3":{"start":{"line":24,"column":0},"end":{"line":26,"column":2}}},"fnMap":{"0":{"name":"(anonymous_0)","decl":{"start":{"line":3,"column":16},"end":{"line":3,"column":17}},"loc":{"start":{"line":3,"column":33},"end":{"line":22,"column":1}},"line":3}},"branchMap":{},"s":{"0":1,"1":1,"2":1,"3":1},"f":{"0":1},"b":{},"_coverageSchema":"1a1c01bbd47fc00a2c39e90264f33305004495a9","hash":"cb8c512b9363b491f36e6f18d85cabcd98f43896"}
,"C:\\Users\\Dana\\Desktop\\brandt\\developer\\task-manager\\source\\post-task.js": {"path":"C:\\Users\\Dana\\Desktop\\brandt\\developer\\task-manager\\source\\post-task.js","statementMap":{"0":{"start":{"line":1,"column":12},"end":{"line":1,"column":30}},"1":{"start":{"line":3,"column":0},"end":{"line":29,"column":2}},"2":{"start":{"line":4,"column":15},"end":{"line":4,"column":37}},"3":{"start":{"line":6,"column":2},"end":{"line":6,"column":20}},"4":{"start":{"line":7,"column":19},"end":{"line":7,"column":75}},"5":{"start":{"line":8,"column":14},"end":{"line":8,"column":24}},"6":{"start":{"line":9,"column":2},"end":{"line":9,"column":33}},"7":{"start":{"line":10,"column":13},"end":{"line":10,"column":55}},"8":{"start":{"line":11,"column":20},"end":{"line":17,"column":3}},"9":{"start":{"line":19,"column":2},"end":{"line":19,"column":41}},"10":{"start":{"line":20,"column":2},"end":{"line":24,"column":3}},"11":{"start":{"line":21,"column":4},"end":{"line":21,"column":44}},"12":{"start":{"line":23,"column":4},"end":{"line":23,"column":25}},"13":{"start":{"line":26,"column":2},"end":{"line":28,"column":4}}},"fnMap":{"0":{"name":"(anonymous_0)","decl":{"start":{"line":3,"column":25},"end":{"line":3,"column":26}},"loc":{"start":{"line":3,"column":42},"end":{"line":29,"column":1}},"line":3}},"branchMap":{},"s":{"0":0,"1":0,"2":0,"3":0,"4":0,"5":0,"6":0,"7":0,"8":0,"9":0,"10":0,"11":0,"12":0,"13":0},"f":{"0":0},"b":{}}
,"C:\\Users\\Dana\\Desktop\\brandt\\developer\\task-manager\\source\\put-task.js": {"path":"C:\\Users\\Dana\\Desktop\\brandt\\developer\\task-manager\\source\\put-task.js","statementMap":{"0":{"start":{"line":3,"column":16},"end":{"line":18,"column":1}},"1":{"start":{"line":5,"column":19},"end":{"line":14,"column":3}},"2":{"start":{"line":17,"column":2},"end":{"line":17,"column":18}},"3":{"start":{"line":20,"column":0},"end":{"line":22,"column":2}}},"fnMap":{"0":{"name":"(anonymous_0)","decl":{"start":{"line":3,"column":16},"end":{"line":3,"column":17}},"loc":{"start":{"line":3,"column":33},"end":{"line":18,"column":1}},"line":3}},"branchMap":{},"s":{"0":1,"1":1,"2":1,"3":1},"f":{"0":1},"b":{},"_coverageSchema":"1a1c01bbd47fc00a2c39e90264f33305004495a9","hash":"e08e2e405caf968a99ec83550c276bc03a7585cc"}
}
